         w __deregister_frame_info
         w __register_frame_info
         w __syscall_lock_close_recursive
         w userAppExit
         w userAppInit
00000000 b _TLS_MODULE_BASE_
00000000 00000802 B __ctru_dev_utf16_buf
00000000 a shift
00000000 a shift
00000804 00000401 B __ctru_dev_path_buf
00100000 A __start__
00100000 T _start
00100008 T __service_ptr
0010000c T __apt_appid
00100010 T __heap_size
00100014 T __linear_heap_size
00100018 T __system_arglist
0010001c T __system_runflags
00100020 t startup
00100058 t ClearMem
0010006c t ClrLoop
00100094 T _init
001000ac T __aeabi_idiv
001000ac 00000220 T __divsi3
001000b4 t .divsi3_skip_div0_test
001002cc 00000020 T __aeabi_idivmod
001002ec 00000004 W __aeabi_idiv0
001002ec 00000004 W __aeabi_ldiv0
001002f0 T __aeabi_uldivmod
00100348 00000390 T strcmp
001006d0 t .udivsi3_skip_div0_test
001006d0 T __aeabi_uidiv
001006d0 000001ec T __udivsi3
001008bc 00000020 T __aeabi_uidivmod
001008dc T __aeabi_drsub
001008e4 000002b0 T __aeabi_dsub
001008e4 000002b0 T __subdf3
001008e8 000002ac T __adddf3
001008e8 000002ac T __aeabi_dadd
00100b94 00000024 T __aeabi_ui2d
00100b94 00000024 T __floatunsidf
00100bb8 00000028 T __aeabi_i2d
00100bb8 00000028 T __floatsidf
00100be0 00000048 T __aeabi_f2d
00100be0 00000048 T __extendsfdf2
00100c28 00000074 T __aeabi_ul2d
00100c28 00000074 T __floatundidf
00100c3c 00000060 T __aeabi_l2d
00100c3c 00000060 T __floatdidf
00100c9c t __do_global_dtors_aux
00100cdc t frame_dummy
00100d08 000003a0 T main
001010a8 0000007c T MainMenu
00101124 0000003c T LoaderMenu
00101160 000001e8 t parseColor
00101348 00000018 T consoleSelect
00101360 000001ac T consoleDrawChar
0010150c 00000124 T consolePrintChar
00101630 00000b94 T con_write
001021c4 000000fc t newRow
001022c0 00000168 T consoleInit
00102428 000000bc T consoleClear
001024e4 000000d0 t gfxPresentFramebuffer
001025b4 0000001c T gfxIsWide
001025d0 000000ec T gfxSetScreenFormat
001026bc 00000010 T gfxSetDoubleBuffering
001026cc 000000e0 T gfxInit
001027ac 00000010 T gfxInitDefault
001027bc 000000b4 T gfxExit
00102870 000000a0 T gfxGetFramebuffer
00102910 00000104 T gfxFlushBuffers
00102a14 00000050 T gfxSwapBuffers
00102a64 00000050 T gfxSwapBuffersGpu
00102ab4 00000c58 t gspHardwareInit
0010370c 00000248 T gspInit
00103954 000000f0 T gspExit
00103a44 00000010 T gspHasGpuRight
00103a54 000000a0 T gspPresentBuffer
00103af4 00000044 T gspWaitForEvent
00103b38 00000004 W gxCmdQueueInterrupt
00103b3c 00000158 t gspEventThreadMain
00103c94 00000050 T GSPGPU_FlushDataCache
00103ce4 00000034 T GSPGPU_SetLcdForceBlack
00103d18 00000068 T GSPGPU_AcquireRight
00103d80 00000048 T GSPGPU_ReleaseRight
00103dc8 0000007c T GSPGPU_ImportDisplayCaptureInfo
00103e44 0000002c T GSPGPU_SaveVramSysArea
00103e70 0000002c T GSPGPU_RestoreVramSysArea
00103e9c 000001a4 t aptConvertScreenForCapture
00104040 00000008 W aptDspSleep
00104048 00000004 W aptDspWakeup
0010404c 00000004 W aptDspCancel
00104050 00000158 T aptSendCommand
001041a8 00000044 t aptExitProcess
001041ec 000003b0 T aptExit
0010459c 000000e0 T aptHandleSleep
0010467c 00000084 T APT_SleepIfShellClosed
00104700 00000084 T aptSetSleepAllowed
00104784 00000084 T APT_UnlockTransition
00104808 000004a4 t aptEventHandler
00104cac 000000b0 T APT_ReceiveParameter
00104d5c 000000b0 t aptReceiveParameter.constprop.0
00104e10 000002ac t aptScreenTransfer
001050bc 00000344 t aptWaitForWakeUp.isra.0
00105400 00000100 T aptJumpToHomeMenu
00105500 00000048 T aptMainLoop
00105548 0000022c T aptInit
00105774 0000007c T APT_CheckNew3DS
001057f0 00000024 W hidShouldUseIrrst
00105814 0000018c T hidInit
001059a0 000000e8 T hidExit
00105a88 000002a4 T hidScanInput
00105d2c 00000010 T hidKeysDown
00105d3c 00000038 W __libctru_init
00105d74 00000170 W __system_initArgv
00105ee4 T svcControlMemory
00105f04 T svcQueryMemory
00105f34 T svcExitProcess
00105f3c T svcCreateThread
00105f5c T svcExitThread
00105f64 T svcSleepThread
00105f6c T svcReleaseMutex
00105f74 T svcCreateEvent
00105f88 T svcSignalEvent
00105f90 T svcClearEvent
00105f98 T svcMapMemoryBlock
00105fa0 T svcUnmapMemoryBlock
00105fa8 T svcCreateAddressArbiter
00105fbc T svcArbitrateAddressNoTimeout
00105fc4 T svcCloseHandle
00105fcc T svcWaitSynchronization
00105fd4 T svcWaitSynchronizationN
00105ffc T svcDuplicateHandle
00106010 T svcConnectToPort
00106024 T svcSendSyncRequest
0010602c T svcGetResourceLimit
00106040 T svcGetResourceLimitLimitValues
00106048 T svcGetResourceLimitCurrentValues
00106050 T svcBreak
00106058 W initSystem
001060a8 W __ctru_exit
001060c0 00000024 t addrMapNodeComparator(rbtree_node const*, rbtree_node const*)
001060e4 00000004 t addrMapNodeDestructor(rbtree_node*)
001060e8 00000250 T vramMemAlignAt
00106338 0000000c T vramAlloc
00106344 00000090 T vramFree
001063d4 00000024 t addrMapNodeComparator(rbtree_node const*, rbtree_node const*)
001063f8 00000004 t addrMapNodeDestructor(rbtree_node*)
001063fc 00000120 T linearMemAlign
0010651c 00000008 T linearAlloc
00106524 0000005c T linearFree
00106580 00000080 T MemPool::CoalesceRight(MemBlock*)
00106600 0000016c T MemPool::Allocate(MemChunk&, unsigned long, int)
0010676c 000000fc T MemPool::Deallocate(MemChunk const&)
00106868 00000030 T MemPool::GetFreeSpace()
00106898 0000000c T __sync_init
001068a4 00000018 T __sync_fini
001068bc 0000002c T syncArbitrateAddress
001068e8 000000b0 T LightLock_Lock
00106998 00000040 T LightLock_Unlock
001069d8 00000024 T RecursiveLock_Init
001069fc 00000030 T RecursiveLock_Lock
00106a2c 00000054 T RecursiveLock_Unlock
00106a80 00000040 T LightEvent_Init
00106ac0 000000a4 T LightEvent_Clear
00106b64 000000c8 T LightEvent_Signal
00106c2c 00000050 T LightEvent_TryWait
00106c7c 000000b0 T LightEvent_Wait
00106d2c 00000034 T __ctru_speedup_config
00106d60 00000130 T srvInit
00106e90 00000058 T srvExit
00106ee8 00000060 T srvEnableNotification
00106f48 000000a0 T srvGetServiceHandleDirect
00106fe8 00000038 T srvGetServiceHandle
00107020 00000034 T srvSubscribe
00107054 00000060 T srvReceiveNotification
001070b4 00000038 T srvPublishToSubscriber
001070ec 000001d0 T threadCreate
001072bc 0000002c T threadFree
001072e8 00000024 T threadJoin
0010730c 00000030 T threadGetCurrent
0010733c 00000040 T threadExit
0010737c 00000020 t _thread_begin
0010739c 000000b4 t mappableFindAddressWithin
00107450 00000028 T mappableInit
00107478 00000080 T mappableAlloc
001074f8 00000004 T mappableFree
001074fc 00000164 T irrstInit
00107660 000000cc T irrstExit
0010772c 000000b4 T irrstScanInput
001077e0 00000024 T irrstKeysHeld
00107804 0000000c T srvPmGetSessionHandle
00107810 00000074 T ptmSysmInit
00107884 0000003c T ptmSysmExit
001078c0 00000034 T PTMSYSM_ConfigureNew3DSCPU
001078f4 00000010 T rbtree_init
00107904 000001b4 t do_insert
00107ab8 00000008 T rbtree_insert
00107ac0 00000090 T rbtree_rotate
00107b50 00000318 T rbtree_remove
00107e68 00000074 T rbtree_find
00107edc 00000030 W __appInit
00107f0c 00000030 T __syscall_getreent
00107f3c 00000004 T __syscall_lock_acquire
00107f40 00000004 T __syscall_lock_release
00107f44 00000004 T __syscall_lock_init_recursive
00107f48 00000004 T __syscall_lock_acquire_recursive
00107f4c 00000004 T __syscall_lock_release_recursive
00107f50 00000004 T __syscall_exit
00107f54 00000050 T initThreadVars
00107fa4 00000080 T __system_initSyscalls
00108028 000001e0 W __system_allocateHeaps
00108208 00000030 W __appExit
00108238 00000090 W __libctru_exit
001082c8 00000084 W envGetHandle
0010834c 00000050 W envDestroyHandles
0010839c 00000014 t archive_link
001083b0 00000014 t archive_dirreset
001083c4 00000014 t archive_chmod
001083d8 00000024 t error_cmp
001083fc 00000050 t archive_translate_error
0010844c 000000c8 t archive_seek
00108514 0000007c t _archiveInit.part.0
00108590 000000c4 t archiveFindDevice.part.0
00108654 0000025c t archive_utf16path
001088b0 000000a0 t _archiveUnmountDeviceStruct.part.0
00108950 00000014 t archive_fchmod
00108964 00000014 t archive_statvfs
00108978 00000164 t _archiveMountDevice
00108adc 000000e8 t archive_diropen
00108bc4 000000a4 t archive_fstat
00108c68 0000006c t archive_close
00108cd4 0000006c t archive_fsync
00108d40 00000070 t archive_dirclose
00108db0 000000e8 t sdmc_statvfs
00108e98 000000ec t archive_chdir
00108f84 0000007c t archive_ftruncate
00109000 000000ac t archive_read
001090ac 000000a4 t archive_unlink
00109150 000000bc t archive_rmdir
0010920c 000000dc t archive_mkdir
001092e8 0000019c t archive_stat
00109484 0000015c t archive_dirnext
001095e0 000000ec t archive_write
001096cc 000001d4 t archive_open
001098a0 00000278 t archive_rename
00109b18 0000019c T archiveMountSdmc
00109cb4 00000054 T archiveUnmountAll
00109d08 000000cc T fsInit
00109dd4 0000003c T fsExit
00109e10 00000060 T fsExemptFromSession
00109e70 00000050 T fsUnexemptFromSession
00109ec0 000000cc T FSUSER_OpenFile
00109f8c 000000bc T FSUSER_DeleteFile
0010a048 000000f8 T FSUSER_RenameFile
0010a140 000000bc T FSUSER_DeleteDirectory
0010a1fc 000000d4 T FSUSER_CreateFile
0010a2d0 000000c4 T FSUSER_CreateDirectory
0010a394 000000f8 T FSUSER_RenameDirectory
0010a48c 000000b4 T FSUSER_OpenDirectory
0010a540 00000098 T FSUSER_OpenArchive
0010a5d8 0000008c T FSUSER_CloseArchive
0010a664 00000074 T FSUSER_GetSdmcArchiveResource
0010a6d8 00000064 T FSUSER_IsSdmcWritable
0010a73c 00000058 T FSFILE_Read
0010a794 00000060 T FSFILE_Write
0010a7f4 0000003c T FSFILE_GetSize
0010a830 00000028 T FSFILE_SetSize
0010a858 0000003c T FSFILE_Close
0010a894 00000024 T FSFILE_Flush
0010a8b8 00000050 T FSDIR_Read
0010a908 0000003c T FSDIR_Close
0010a944 0000005c T rbtree_node_next
0010a9a0 000000e8 T utf16_to_utf8
0010aa88 00000064 T decode_utf16
0010aaec 0000013c T decode_utf8
0010ac28 000000c0 T utf8_to_utf16
0010ace8 T __aeabi_read_tp
0010acf4 00000054 T encode_utf16
0010ad48 000000e0 T encode_utf8
0010ae28 00000120 T __udivmoddi4
0010af48 00000078 T bsearch
0010afc0 0000000c T __errno
0010afcc 00000034 T exit
0010b000 00000234 T __sflush_r
0010b234 00000094 T _fflush_r
0010b2c8 0000000c T _cleanup_r
0010b2d4 00000184 T __sinit
0010b458 0000000c T __sfp_lock_acquire
0010b464 0000000c T __sfp_lock_release
0010b470 0000003c T __libc_fini_array
0010b4ac 000000f8 T _malloc_trim_r
0010b5a4 000002e8 T _free_r
0010b88c 00000070 T _fwalk_reent
0010b8fc 00000084 T __libc_init_array
0010b980 00000020 T memalign
0010b9a0 0000014c T _memalign_r
0010baec 00000018 T malloc
0010bb04 00000018 T free
0010bb1c 000007e4 T _malloc_r
0010c300 000000e4 T memchr
0010c3e4 00000118 T memcpy
0010c4fc 000000f4 T memset
0010c5f0 0000000c T __malloc_lock
0010c5fc 0000000c T __malloc_unlock
0010c608 00000034 T printf
0010c63c 000000e0 T _puts_r
0010c71c 00000018 T puts
0010c734 0000025c T setvbuf
0010c990 00000074 T sscanf
0010ca04 00000044 T __sread
0010ca48 00000008 T __seofread
0010ca50 00000068 T __swrite
0010cab8 00000044 T __sseek
0010cafc 00000008 T __sclose
0010cb04 0000005c T strlen
0010cb60 000000e4 T strncat
0010cc44 000000e4 T strncmp
0010cd28 000000c4 T strncpy
0010cdec 00000048 T strnlen
0010ce34 000001c4 t _strtoul_l.constprop.0
0010cff8 00000004 T _strtoul_r
0010cffc 00000028 T strtoul
0010d024 00000050 t get_arg
0010d074 00002c38 T __ssvfscanf_r
0010fcac 00000020 T stat
0010fccc 0000066c t get_arg
00110338 0000339c T _vfprintf_r
001136d4 000000d0 t __sbprintf
001137a4 00000054 T _wcrtomb_r
001137f8 00000028 T _wcsrtombs_r
00113820 0000013c T __swsetup_r
0011395c 00000114 T __call_exitprocs
00113a70 000001b0 t quorem
00113c20 000011f8 T _dtoa_r
00114e18 0000015c T _fclose_r
00114f74 000004b4 T __sfvwrite_r
00115428 00000008 T iswspace
00115430 0000000c T _localeconv_r
0011543c 00000010 T __locale_mb_cur_max
0011544c 00000138 T __smakebuf_r
00115584 0000008c T __swhatbuf_r
00115610 00000068 T _mbrtowc_r
00115678 000002f8 T __utf8_mbtowc
00115970 00000150 T memmove
00115ac0 00000088 T _Balloc
00115b48 0000001c T _Bfree
00115b64 000000f4 T __multadd
00115c58 00000110 T __s2b
00115d68 00000060 T __hi0bits
00115dc8 0000009c T __lo0bits
00115e64 000000a8 T __i2b
00115f0c 00000204 T __multiply
00116110 00000124 T __pow5mult
00116234 00000140 T __lshift
00116374 00000058 T __mcmp
001163cc 000001ec T __mdiff
001165b8 00000068 T __ulp
00116620 000000d0 T __b2d
001166f0 00000120 T __d2b
00116810 00000078 T __ratio
00116888 00000088 T __copybits
00116910 0000005c T __any_on
0011696c 00000020 T realloc
0011698c 000004a0 T _realloc_r
00116e2c 000000f4 T __sccl
00116f20 0000000c T nanf
00116f30 00000088 T frexp
00116fb8 00000064 T sprintf
0011701c 000000cc T stpncpy
001170e8 00000130 T strchr
00117218 00000064 t sulp
00117280 000013a8 T _strtod_l
00118628 0000000c T _strtod_r
00118634 0000022c t _strtoll_l.constprop.0
00118860 00000004 T _strtoll_r
00118864 000001a4 t _strtol_l.part.0
00118a08 0000003c T _strtol_r
00118a44 00000244 t _strtoull_l.constprop.0
00118c88 00000004 T _strtoull_r
00118c8c 00000188 T __ssprint_r
00118e14 000000d4 T _sungetc_r
00118ee8 0000006c T __ssrefill_r
00118f54 000000c4 T _sfread_r
00119018 0000066c t get_arg
00119688 00003334 T _svfprintf_r
0011c9bc 000000a8 T __submore
0011ca64 0000066c t get_arg
0011d0d0 00000030 T __sprint_r
0011d100 000022ec T _vfiprintf_r
0011f3ec 000000d0 t __sbprintf
0011f4bc 00000188 T _wcsnrtombs_l
0011f644 0000004c T _wcsnrtombs_r
0011f690 000000f0 T __utf8_wctomb
0011f780 0000005c T __assert_func
0011f7dc 000000c0 T _calloc_r
0011f89c 0000003c T fiprintf
0011f8d8 000000f0 t rshift
0011f9c8 00000814 T __gethex
001201dc 0000004c T __match
00120228 0000029c T __hexnan
001204c4 0000003c T iswspace_l
00120500 000001d8 t __jp2uc
001206d8 0000009c T _jp2uc_l
00120778 00000010 T nan
00120788 00000014 T abort
0012079c 0000008c T category
00120828 00000090 T _raise_r
001208b8 00000018 T raise
001208d0 00000008 t null_write
001208d8 00000018 T setDefaultDevice
001208f0 000000c8 T FindDevice
001209b8 00000028 T RemoveDevice
001209e0 0000009c T AddDevice
00120a7c 00000020 T GetDeviceOpTab
00120a9c 00000078 T _fstat_r
00120b14 00000014 T _getpid_r
00120b28 00000008 T _isatty_r
00120b30 00000014 T _kill_r
00120b44 00000084 T _lseek_r
00120bc8 00000080 T _read_r
00120c48 00000078 T _sbrk_r
00120cc0 0000006c T _stat_r
00120d2c 00000080 T _write_r
00120dac 00000020 T _exit
00120dcc 000001a4 T _concatenate_path
00120f70 00000140 T chdir
001210b0 00000060 T mkdir
00121110 00000008 T __flockfile
00121118 00000008 T __funlockfile
00121120 0000003c T __get_handle
0012115c 000000f4 T _close_r
00121250 0000002c T __getreent
0012127c 0000001c T __libc_lock_acquire
00121298 0000001c T __libc_lock_release
001212b4 0000001c T __libc_lock_init_recursive
001212d0 0000001c T __libc_lock_acquire_recursive
001212ec 0000001c T __libc_lock_release_recursive
00121308 0000001c T __libc_lock_close_recursive
00121324 00000038 T __aeabi_d2lz
00121324 00000038 T __fixdfdi
00121360 00000040 T __aeabi_d2ulz
00121360 00000040 T __fixunsdfdi
001213a0 00000048 T strrchr
001213e8 T _fini
001222e0 00000070 r dotab_stdout
00122350 00000018 r grayScale
00122368 00000006 r colorCube
00122370 00000030 r colorTable
001223c4 00000008 r morton_y.2
001223cc 00000008 r morton_x.3
001223d4 00000008 r s_sleepWakeEvents.4
00122400 R default_font_bin
00122c00 R default_font_bin_end
00122c30 00000030 r error_table
00122c68 00000070 r archive_devoptab
00122ce0 00000004 R _global_impure_ptr
00122cec 00000022 r basefix.0
00122d4c 00000010 r zeroes.0
00122d5c 00000010 r blanks.1
00122d6c 00000101 R _ctype_
00122e80 r .LC2
00122f70 0000000c r p05.0
00122f80 00000028 R __mprec_bigtens
00122fa8 000000c8 R __mprec_tens
00123080 00000014 r fpinan.0
00123094 00000014 r fpi.1
001230a8 00000028 r tinytens
001230d0 0000006c R __action_table
0012313c 0000006c R __state_table
001231a8 00000100 R __chclass
001232a8 00000010 r zeroes.0
001232b8 00000010 r blanks.1
001232c8 00000010 r zeroes.0
001232d8 00000010 r blanks.1
00123378 00000100 R __hexdig
0012348c 00001a7c r d02f4
00124f08 0000172a r b02cf
00126634 00000040 r a8
00126674 000000a2 r a7
00126718 00000070 r a6
00126788 0000005b r a3
001267e4 000000bc r a2
001268a0 000000bc r a1
0012695c 00003528 r categories
00129e84 00000070 R dotab_stdnull
00129ef4 R __tdata_align
00129ef8 r 
00129ef8 R __exidx_end
00129ef8 R __exidx_start
0012a000 00000001 D finished_g
0012a001 00000001 d firstConsoleInit.0
0012a004 00000004 D currentConsole
0012a008 00000048 D defaultConsole
0012a050 00000004 d kCount
0012a054 00000004 d kInterval
0012a058 00000004 d kDelay
0012a05c W __stacksize__
0012a060 00000004 D _impure_ptr
0012a068 00000460 d impure_data
0012a4c8 00000004 D __malloc_sbrk_base
0012a4cc 00000004 D __malloc_trim_threshold
0012a4d0 00000408 D __malloc_av_
0012a8d8 0000016c D __global_locale
0012aa44 0000008c D devoptab_list
0012aad0 00000004 d defaultDevice
0012aad4 00000400 d _current_working_directory
0012aed4 00001000 d handles
0012bed4 0000000c d __stderr_handle
0012bee0 0000000c d __stdout_handle
0012beec 0000000c d __stdin_handle
0012bf00 d _GLOBAL_OFFSET_TABLE_
0012bf0c d __frame_dummy_init_array_entry
0012bf0c D __init_array_start
0012bf0c B __preinit_array_end
0012bf0c B __preinit_array_start
0012bf0c D __tdata_lma
0012bf0c D __tdata_lma_end
0012bf10 d __do_global_dtors_aux_fini_array_entry
0012bf10 D __fini_array_start
0012bf10 D __init_array_end
0012bf14 00000002 B MenuSelected
0012bf14 D __bss_start__
0012bf14 D __fini_array_end
0012bf16 00000001 B status_g
0012bf17 b completed.1
0012bf18 b object.0
0012bf30 00000048 B currentCopy
0012bf78 00000004 b screenAlloc
0012bf7c 00000004 b screenFree
0012bf80 00000002 b gfxIsDoubleBuf
0012bf84 00000002 b gfxCurBuf
0012bf86 00000001 b gfxIsVram
0012bf87 00000001 b gfxTopMode
0012bf88 00000002 b gfxFramebufferFormats
0012bf8c 00000004 b gfxBottomFramebufferMaxSize
0012bf90 00000004 b gfxTopFramebufferMaxSize
0012bf98 00000008 b gfxBottomFramebuffers
0012bfa0 00000008 b gfxTopFramebuffers
0012bfa8 00000007 b gspEventCbOneShot
0012bfb0 0000001c b gspEventCbData
0012bfcc 0000001c b gspEventCb
0012bfe8 00000038 b gspEvents
0012c020 00000004 b gspLastEvent
0012c024 00000001 b gspRunEvents
0012c028 00000004 b gspEventThread
0012c02c 00000004 b gspEvent
0012c030 00000001 b gspGpuRight
0012c031 00000001 b gspThreadId
0012c034 00000004 b gspSharedMem
0012c038 00000004 b gspSharedMemHandle
0012c03c 00000004 b gspRefCount
0012c040 00000004 b gspGpuHandle
0012c044 00000001 b flagValue.0
0012c045 00000001 b flagInit.1
0012c048 00000004 b serviceName.6
0012c04c 00000001 b aptChainloadMediatype
0012c050 00000008 b aptChainloadTid
0012c058 00000001 b aptChainloadFlags
0012c05c 00001000 b aptParameters
0012d05c 00000004 b aptFlags
0012d060 00000001 b aptHomeButtonState
0012d064 00000004 b aptMessageFuncData
0012d068 00000004 b aptMessageFunc
0012d06c 0000000c b aptFirstHook
0012d078 00000001 b aptEventHandlerThreadQuit
0012d07c 00000004 b aptEventHandlerThread
0012d080 00000008 b aptSleepEvent
0012d088 00000008 b aptReceiveEvent
0012d090 00000008 b aptEvents
0012d098 00000004 b aptLockHandle
0012d09c 00000004 b aptRefCount
0012d0a0 00000001 b usingIrrst
0012d0a4 00000004 b hidRefCount
0012d0a8 00000006 b gRate
0012d0b0 00000006 b aVec
0012d0b8 00000004 b cPos
0012d0bc 00000004 b tPos
0012d0c0 00000004 b kRepeat
0012d0c4 00000004 b kUp
0012d0c8 00000004 b kDown
0012d0cc 00000004 b kHeld
0012d0d0 00000004 b kOld
0012d0d4 00000004 B hidSharedMem
0012d0d8 00000014 B hidEvents
0012d0ec 00000004 B hidMemHandle
0012d0f0 00000004 B hidHandle
0012d0f4 00000004 B __system_retAddr
0012d0f8 00000004 B __system_argv
0012d0fc 00000004 B __system_argc
0012d100 b saved_stack
0012d108 00000008 b sVramPoolB
0012d110 00000008 b sVramPoolA
0012d118 0000000c b sAddrMap
0012d128 00000008 b sLinearPool
0012d130 0000000c b sAddrMap
0012d13c 00000004 b arbiter
0012d140 00000001 V __ctru_speedup
0012d144 00000004 B __3dslink_host
0012d148 00000004 b srvRefCount
0012d14c 00000004 b srvHandle
0012d150 00000004 b currentAddr
0012d154 00000004 b maxAddr
0012d158 00000004 b minAddr
0012d15c 00000004 b irrstRefCount
0012d160 00000004 b csPos
0012d164 00000004 b kHeld
0012d168 00000004 B irrstSharedMem
0012d16c 00000004 B irrstEvent
0012d170 00000004 B irrstMemHandle
0012d174 00000004 B irrstHandle
0012d178 00000004 b srvPmHandle
0012d17c 00000004 b ptmSysmRefCount
0012d180 00000004 b ptmSysmHandle
0012d184 00000004 V __ctru_linear_heap_size
0012d188 00000004 V __ctru_heap_size
0012d18c 00000004 B __ctru_linear_heap
0012d190 00000004 B __ctru_heap
0012d198 00000540 b archive_devices
0012d6d8 00000004 b archive_device_cwd
0012d6dc 00000001 b archive_initialized
0012d6e0 00000080 b fsExemptArchives
0012d760 00000004 b fsuRefCount
0012d764 00000004 b fsuHandle
0012d768 0000000c b __sinit_recursive_mutex
0012d774 0000000c b __sfp_recursive_mutex
0012d780 00000028 B __malloc_current_mallinfo
0012d7a8 00000004 B __malloc_max_total_mem
0012d7ac 00000004 B __malloc_max_sbrked_mem
0012d7b0 00000004 B __malloc_top_pad
0012d7b4 0000000c b __malloc_recursive_mutex
0012d7c0 0000000c B __atexit_recursive_mutex
0012d7cc 00000004 b heap_start.0
0012d7d0 00000004 B fake_heap_start
0012d7d4 00000004 B fake_heap_end
0012d7d8 00000400 b temp_cwd
0012dbd8 00000004 b __hndl_lock
0012dbdc B __tls_start
0012e7e4 B __bss_end__
0012e7e4 A __end__
0012e7e4 B __tls_end
